
> novaition-2026-official-website@0.1.0 build
> next build

   ▲ Next.js 16.0.10 (Turbopack)

   Creating an optimized production build ...
 ✓ Compiled successfully in 1858.1ms
   Running TypeScript ...
   Collecting page data using 11 workers ...
Error: Missing API key. Pass it to the constructor `new Resend("re_123")`
    at new <anonymous> (.next/server/chunks/[root-of-the-server]__15fb1251._.js:2:128706)
    at module evaluation (.next/server/chunks/[root-of-the-server]__15fb1251._.js:2:128247)
    at instantiateModule (.next/server/chunks/[turbopack]_runtime.js:715:9)
    at instantiateRuntimeModule (.next/server/chunks/[turbopack]_runtime.js:743:12)
    at getOrInstantiateRuntimeModule (.next/server/chunks/[turbopack]_runtime.js:756:12)
    at Object.m (.next/server/chunks/[turbopack]_runtime.js:765:18)
    at Object.<anonymous> (.next/server/app/api/register/route.js:7:3)

> Build error occurred
Error: Failed to collect page data for /api/register
    at ignore-listed frames {
  type: 'Error'
}
